<?xml version="1.0" encoding="UTF-8"?>
<!-- Generated by org.testng.reporters.JUnitReportReporter -->
<testsuite hostname="BWC-64" failures="0" tests="2" name="testcases.TC004CreateAndDeleteFileTest" time="85.686" errors="0" timestamp="2024-08-07T16:05:30 IST" skipped="0">
  <testcase classname="testcases.TC004CreateAndDeleteFileTest" name="verifyCreateFile" time="74.455"/>
  <testcase classname="testcases.TC004CreateAndDeleteFileTest" name="verifyDeleteFile" time="11.231"/>
</testsuite> <!-- testcases.TC004CreateAndDeleteFileTest -->
