<?xml version="1.0" encoding="UTF-8"?>
<!-- Generated by org.testng.reporters.JUnitReportReporter -->
<testsuite hostname="BWC-64" failures="0" tests="2" name="testcases.TC004CreateAndDeleteFileTest" time="53.747" errors="0" timestamp="2024-07-02T17:38:56 IST" skipped="0">
  <testcase classname="testcases.TC004CreateAndDeleteFileTest" name="verifyCreateFile" time="43.133"/>
  <testcase classname="testcases.TC004CreateAndDeleteFileTest" name="verifyDeleteFile" time="10.614"/>
</testsuite> <!-- testcases.TC004CreateAndDeleteFileTest -->
