<?xml version="1.0" encoding="UTF-8"?>
<!-- Generated by org.testng.reporters.JUnitReportReporter -->
<testsuite hostname="BWC-64" failures="0" tests="1" name="testcases.TC002LoginTest" time="23.462" errors="0" timestamp="2024-07-03T15:19:28 IST" skipped="0">
  <testcase classname="testcases.TC002LoginTest" name="verifyLogin" time="23.462"/>
</testsuite> <!-- testcases.TC002LoginTest -->
