<?xml version="1.0" encoding="UTF-8"?>
<!-- Generated by org.testng.reporters.JUnitReportReporter -->
<testsuite hostname="BWC-64" failures="0" tests="1" name="testCases.TC_002_LoginTest" time="11.226" errors="0" timestamp="2024-06-28T19:38:15 IST" skipped="0">
  <testcase classname="testCases.TC_002_LoginTest" name="verify_login" time="11.226"/>
</testsuite> <!-- testCases.TC_002_LoginTest -->
