<?xml version="1.0" encoding="UTF-8"?>
<!-- Generated by org.testng.reporters.JUnitReportReporter -->
<testsuite hostname="BWC-64" failures="0" tests="2" name="testcases.TC004CreateAndDeleteFileTest" time="38.932" errors="0" timestamp="2024-07-12T09:13:16 IST" skipped="0">
  <testcase classname="testcases.TC004CreateAndDeleteFileTest" name="verifyDeleteFile" time="10.601"/>
  <testcase classname="testcases.TC004CreateAndDeleteFileTest" name="verifyCreateFile" time="28.331"/>
</testsuite> <!-- testcases.TC004CreateAndDeleteFileTest -->
