<?xml version="1.0" encoding="UTF-8"?>
<!-- Generated by org.testng.reporters.JUnitReportReporter -->
<testsuite hostname="BWC-64" failures="0" tests="1" name="testcases.TC002LoginTest" time="14.181" errors="0" timestamp="2024-07-12T09:13:16 IST" skipped="0">
  <testcase classname="testcases.TC002LoginTest" name="verifyLogin" time="14.181"/>
</testsuite> <!-- testcases.TC002LoginTest -->
