<?xml version="1.0" encoding="UTF-8"?>
<!-- Generated by org.testng.reporters.JUnitReportReporter -->
<testsuite hostname="BWC-64" failures="0" tests="2" name="testcases.TC004CreateAndDeleteFileTest" time="43.524" errors="0" timestamp="2024-07-12T14:47:54 IST" skipped="0">
  <testcase classname="testcases.TC004CreateAndDeleteFileTest" name="verifyCreateFile" time="33.179"/>
  <testcase classname="testcases.TC004CreateAndDeleteFileTest" name="verifyDeleteFile" time="10.345"/>
</testsuite> <!-- testcases.TC004CreateAndDeleteFileTest -->
