<?xml version="1.0" encoding="UTF-8"?>
<!-- Generated by org.testng.reporters.JUnitReportReporter -->
<testsuite hostname="BWC-64" failures="0" tests="1" name="testcases.TC001AccountRegistrationTest" time="9.773" errors="0" timestamp="2024-07-02T13:52:44 IST" skipped="0">
  <testcase classname="testcases.TC001AccountRegistrationTest" name="verifyAccountRegistration" time="9.773"/>
</testsuite> <!-- testcases.TC001AccountRegistrationTest -->
