<?xml version="1.0" encoding="UTF-8"?>
<!-- Generated by org.testng.reporters.JUnitReportReporter -->
<testsuite hostname="BWC-64" failures="0" tests="2" name="testcases.TC004CreateAndDeleteFileTest" time="46.430" errors="0" timestamp="2024-07-03T15:19:28 IST" skipped="0">
  <testcase classname="testcases.TC004CreateAndDeleteFileTest" name="verifyDeleteFile" time="10.601"/>
  <testcase classname="testcases.TC004CreateAndDeleteFileTest" name="verifyCreateFile" time="35.829"/>
</testsuite> <!-- testcases.TC004CreateAndDeleteFileTest -->
