<?xml version="1.0" encoding="UTF-8"?>
<!-- Generated by org.testng.reporters.JUnitReportReporter -->
<testsuite hostname="BWC-64" failures="0" tests="1" name="testCases.TC_001_AccountRegistrationTest" time="26.291" errors="0" timestamp="2024-06-28T14:41:02 IST" skipped="0">
  <testcase classname="testCases.TC_001_AccountRegistrationTest" name="verify_account_registration" time="26.291"/>
</testsuite> <!-- testCases.TC_001_AccountRegistrationTest -->
