<?xml version="1.0" encoding="UTF-8"?>
<!-- Generated by org.testng.reporters.JUnitReportReporter -->
<testsuite hostname="BWC-64" failures="0" tests="1" name="testcases.TC001AccountRegistrationTest" time="13.492" errors="0" timestamp="2024-07-03T15:19:28 IST" skipped="0">
  <testcase classname="testcases.TC001AccountRegistrationTest" name="verifyAccountRegistration" time="13.492"/>
</testsuite> <!-- testcases.TC001AccountRegistrationTest -->
